{"logLevel":"debug","message":"multithreading is set to false"}
{"logLevel":"debug","message":"Using reflection to scan dependencies for gauge implementations..."}
{"logLevel":"debug","message":"gauge-java took 1302milliseconds to load and scan. This should be less than 'runner_connection_timeout' config value."}
{"logLevel":"debug","message":"run 'gauge config runner_connection_timeout' and verify that it is < 1302"}
{"logLevel":"debug","message":"starting gRPC server..."}
{"logLevel":"debug","message":"started gRPC server on port 58238"}
{"logLevel":"info","message":"Listening on port:58238"}
{"logLevel":"debug","message":"Scanning packages for steps"}
{"logLevel":"debug","message":"Comparing 'com.n11.gauge.pages.HomePage.goToHomePage' and 'com.n11.gauge.pages.HomePage.goToHomePage'"}
{"logLevel":"debug","message":"Found Navigate to {} in current project scope."}
{"logLevel":"debug","message":"Comparing 'com.n11.gauge.pages.HomePage.goToLoginPage' and 'com.n11.gauge.pages.HomePage.goToLoginPage'"}
{"logLevel":"debug","message":"Found Go to login page in current project scope."}
{"logLevel":"debug","message":"Comparing 'com.n11.gauge.pages.LoginPage.login' and 'com.n11.gauge.pages.LoginPage.login'"}
{"logLevel":"debug","message":"Found Login with {} and {} in current project scope."}
{"logLevel":"debug","message":"Scanning packages for hooks"}
{"logLevel":"debug","message":"Scanned steps (using static parsing + reflections): "}
{"logLevel":"debug","message":"\tLogin with {} and {} : public void login(String email, String password)"}
{"logLevel":"debug","message":"\tNavigate to {} : public void goToHomePage(String url)"}
{"logLevel":"debug","message":"\tGo to login page : public void goToLoginPage()"}
{"logLevel":"debug","message":"Executing 'Navigate to {}' using 'class com.n11.gauge.pages.HomePage.goToHomePage"}
1628253588723	geckodriver	INFO	Listening on 127.0.0.1:6103
1628253589454	mozrunner::runner	INFO	Running command: "/Applications/Firefox.app/Contents/MacOS/firefox-bin" "--marionette" "-foreground" "-no-remote" "-profile" "/var/folders/nz/6cw7s0j54n744p31n5ng_gfm0000gn/T/rust_mozprofileUIbpyz"
1628253590245	Marionette	INFO	Marionette enabled
console.warn: SearchSettings: "get: No settings file exists, new profile?" (new NotFoundError("Could not open the file at /var/folders/nz/6cw7s0j54n744p31n5ng_gfm0000gn/T/rust_mozprofileUIbpyz/search.json.mozlz4", (void 0)))
console.error: BackgroundUpdate: 
  _reasonsToNotScheduleUpdates: Failed to check for Maintenance Service Registry Key: [Exception... "Component returned failure code: 0x80004001 (NS_ERROR_NOT_IMPLEMENTED) [nsIUpdateProcessor.getServiceRegKeyExists]"  nsresult: "0x80004001 (NS_ERROR_NOT_IMPLEMENTED)"  location: "JS frame :: resource://gre/modules/BackgroundUpdate.jsm :: _reasonsToNotScheduleUpdates :: line 243"  data: no]
1628253593014	Marionette	INFO	Listening on port 58250
1628253593140	Marionette	WARN	TLS certificate errors will be ignored for this session
Aug 06, 2021 3:39:53 PM org.openqa.selenium.remote.ProtocolHandshake createSession
INFO: Detected dialect: W3C
{"logLevel":"debug","message":"Executing 'Go to login page' using 'class com.n11.gauge.pages.HomePage.goToLoginPage"}
JavaScript error: , line 0: uncaught exception: undefined
{"logLevel":"debug","message":"Executing 'Login with {} and {}' using 'class com.n11.gauge.pages.LoginPage.login"}
1628253601470	Marionette	WARN	Ignoring event 'DOMContentLoaded' because document has an invalid readyState of 'complete'.
1628253601622	Marionette	WARN	TimedPromise timed out after 500 ms: stacktrace:
TimedPromise/<@chrome://marionette/content/sync.js:237:19
TimedPromise@chrome://marionette/content/sync.js:222:10
interaction.flushEventLoop@chrome://marionette/content/interaction.js:431:10
webdriverClickElement@chrome://marionette/content/interaction.js:179:31
{"logLevel":"debug","message":"Killing Java runner..."}
{"logLevel":"debug","message":"Stopping execution pool..."}
{"logLevel":"debug","message":"Shutting down grpc server..."}
{"logLevel":"debug","message":"Runner killed gracefully."}
