{"logLevel":"debug","message":"multithreading is set to false"}
{"logLevel":"debug","message":"Using reflection to scan dependencies for gauge implementations..."}
{"logLevel":"debug","message":"gauge-java took 1327milliseconds to load and scan. This should be less than 'runner_connection_timeout' config value."}
{"logLevel":"debug","message":"run 'gauge config runner_connection_timeout' and verify that it is < 1327"}
{"logLevel":"debug","message":"starting gRPC server..."}
{"logLevel":"debug","message":"started gRPC server on port 61657"}
{"logLevel":"info","message":"Listening on port:61657"}
{"logLevel":"debug","message":"Scanning packages for steps"}
{"logLevel":"debug","message":"Comparing 'com.n11.gauge.pages.CartPage.addQuantity' and 'com.n11.gauge.pages.CartPage.addQuantity'"}
{"logLevel":"debug","message":"Found Add one product quantity in current project scope."}
{"logLevel":"debug","message":"Comparing 'com.n11.gauge.pages.CartPage.deleteProduct' and 'com.n11.gauge.pages.CartPage.deleteProduct'"}
{"logLevel":"debug","message":"Found Delete random product from cart in current project scope."}
{"logLevel":"debug","message":"Comparing 'com.n11.gauge.pages.HomePage.goToHomePage' and 'com.n11.gauge.pages.HomePage.goToHomePage'"}
{"logLevel":"debug","message":"Found Navigate to {} in current project scope."}
{"logLevel":"debug","message":"Comparing 'com.n11.gauge.pages.PhonePage.addToCart' and 'com.n11.gauge.pages.PhonePage.addToCart'"}
{"logLevel":"debug","message":"Found Add to cart in current project scope."}
{"logLevel":"debug","message":"Comparing 'com.n11.gauge.pages.HomePage.searchPhone' and 'com.n11.gauge.pages.HomePage.searchPhone'"}
{"logLevel":"debug","message":"Found Fill search box with {} in current project scope."}
{"logLevel":"debug","message":"Comparing 'com.n11.gauge.pages.HomePage.goToLoginPage' and 'com.n11.gauge.pages.HomePage.goToLoginPage'"}
{"logLevel":"debug","message":"Found Go to login page in current project scope."}
{"logLevel":"debug","message":"Comparing 'com.n11.gauge.pages.SearchPage.clickLastPhone' and 'com.n11.gauge.pages.SearchPage.clickLastPhone'"}
{"logLevel":"debug","message":"Found Click last phone in current project scope."}
{"logLevel":"debug","message":"Comparing 'com.n11.gauge.pages.PhonePage.goToCart' and 'com.n11.gauge.pages.PhonePage.goToCart'"}
{"logLevel":"debug","message":"Found Go to cart in current project scope."}
{"logLevel":"debug","message":"Comparing 'com.n11.gauge.pages.LoginPage.login' and 'com.n11.gauge.pages.LoginPage.login'"}
{"logLevel":"debug","message":"Found Login with {} and {} in current project scope."}
{"logLevel":"debug","message":"Comparing 'com.n11.gauge.pages.HomePage.clickRandomProduct' and 'com.n11.gauge.pages.HomePage.clickRandomProduct'"}
{"logLevel":"debug","message":"Found Click random product on home page in current project scope."}
{"logLevel":"debug","message":"Scanning packages for hooks"}
{"logLevel":"debug","message":"Scanned steps (using static parsing + reflections): "}
{"logLevel":"debug","message":"\tClick random product on home page : public void clickRandomProduct()"}
{"logLevel":"debug","message":"\tGo to cart : public void goToCart()"}
{"logLevel":"debug","message":"\tAdd to cart : public void addToCart() throws InterruptedException"}
{"logLevel":"debug","message":"\tDelete random product from cart : public void deleteProduct()"}
{"logLevel":"debug","message":"\tLogin with {} and {} : public void login(String email, String password)"}
{"logLevel":"debug","message":"\tNavigate to {} : public void goToHomePage(String url)"}
{"logLevel":"debug","message":"\tGo to login page : public void goToLoginPage()"}
{"logLevel":"debug","message":"\tClick last phone : public void clickLastPhone()"}
{"logLevel":"debug","message":"\tFill search box with {} : public void searchPhone(String phone)"}
{"logLevel":"debug","message":"\tAdd one product quantity : public void addQuantity()"}
{"logLevel":"debug","message":"Executing 'Navigate to {}' using 'class com.n11.gauge.pages.HomePage.goToHomePage"}
1628256823445	geckodriver	INFO	Listening on 127.0.0.1:47669
1628256824666	mozrunner::runner	INFO	Running command: "/Applications/Firefox.app/Contents/MacOS/firefox-bin" "--marionette" "-foreground" "-no-remote" "-profile" "/var/folders/nz/6cw7s0j54n744p31n5ng_gfm0000gn/T/rust_mozprofileTrsjW6"
1628256825233	Marionette	INFO	Marionette enabled
console.warn: SearchSettings: "get: No settings file exists, new profile?" (new NotFoundError("Could not open the file at /var/folders/nz/6cw7s0j54n744p31n5ng_gfm0000gn/T/rust_mozprofileTrsjW6/search.json.mozlz4", (void 0)))
console.error: BackgroundUpdate: 
  _reasonsToNotScheduleUpdates: Failed to check for Maintenance Service Registry Key: [Exception... "Component returned failure code: 0x80004001 (NS_ERROR_NOT_IMPLEMENTED) [nsIUpdateProcessor.getServiceRegKeyExists]"  nsresult: "0x80004001 (NS_ERROR_NOT_IMPLEMENTED)"  location: "JS frame :: resource://gre/modules/BackgroundUpdate.jsm :: _reasonsToNotScheduleUpdates :: line 243"  data: no]
1628256827970	Marionette	INFO	Listening on port 61669
1628256828052	Marionette	WARN	TLS certificate errors will be ignored for this session
Aug 06, 2021 4:33:48 PM org.openqa.selenium.remote.ProtocolHandshake createSession
INFO: Detected dialect: W3C
{"logLevel":"debug","message":"Executing 'Go to login page' using 'class com.n11.gauge.pages.HomePage.goToLoginPage"}
{"logLevel":"debug","message":"Executing 'Login with {} and {}' using 'class com.n11.gauge.pages.LoginPage.login"}
{"logLevel":"debug","message":"Executing 'Click random product on home page' using 'class com.n11.gauge.pages.HomePage.clickRandomProduct"}
JavaScript error: , line 0: TypeError: NetworkError when attempting to fetch resource.
JavaScript error: , line 0: TypeError: NetworkError when attempting to fetch resource.
{"logLevel":"debug","message":"Executing 'Add to cart' using 'class com.n11.gauge.pages.PhonePage.addToCart"}
1628256846762	Marionette	WARN	TimedPromise timed out after 500 ms: stacktrace:
TimedPromise/<@chrome://marionette/content/sync.js:237:19
TimedPromise@chrome://marionette/content/sync.js:222:10
interaction.flushEventLoop@chrome://marionette/content/interaction.js:431:10
webdriverClickElement@chrome://marionette/content/interaction.js:179:31
{"logLevel":"debug","message":"Executing 'Go to cart' using 'class com.n11.gauge.pages.PhonePage.goToCart"}
1628256848835	Marionette	WARN	Ignoring event 'DOMContentLoaded' because document has an invalid readyState of 'complete'.
{"logLevel":"debug","message":"Executing 'Delete random product from cart' using 'class com.n11.gauge.pages.CartPage.deleteProduct"}
{"logLevel":"debug","message":"Executing 'Navigate to {}' using 'class com.n11.gauge.pages.HomePage.goToHomePage"}
1628256851879	geckodriver	INFO	Listening on 127.0.0.1:10452
1628256852892	mozrunner::runner	INFO	Running command: "/Applications/Firefox.app/Contents/MacOS/firefox-bin" "--marionette" "-foreground" "-no-remote" "-profile" "/var/folders/nz/6cw7s0j54n744p31n5ng_gfm0000gn/T/rust_mozprofilebPFip6"
JavaScript error: https://n11scdn.akamaized.net/static/new-design/static/output/js/n11_1627999763189.js, line 1: TypeError: Ll(...) is undefined
1628256854389	Marionette	INFO	Marionette enabled
JavaScript error: https://www.n11.com/sepetim line 29 > injectedScript, line 4: TypeError: basketProducts is undefined
JavaScript error: https://www.n11.com/sepetim line 29 > injectedScript, line 3: TypeError: basketProducts is undefined
JavaScript error: https://www.n11.com/sepetim line 29 > injectedScript, line 1: TypeError: basketProducts is undefined
console.warn: SearchSettings: "get: No settings file exists, new profile?" (new NotFoundError("Could not open the file at /var/folders/nz/6cw7s0j54n744p31n5ng_gfm0000gn/T/rust_mozprofilebPFip6/search.json.mozlz4", (void 0)))
console.error: BackgroundUpdate: 
  _reasonsToNotScheduleUpdates: Failed to check for Maintenance Service Registry Key: [Exception... "Component returned failure code: 0x80004001 (NS_ERROR_NOT_IMPLEMENTED) [nsIUpdateProcessor.getServiceRegKeyExists]"  nsresult: "0x80004001 (NS_ERROR_NOT_IMPLEMENTED)"  location: "JS frame :: resource://gre/modules/BackgroundUpdate.jsm :: _reasonsToNotScheduleUpdates :: line 243"  data: no]
1628256859594	Marionette	INFO	Listening on port 61855
1628256859704	Marionette	WARN	TLS certificate errors will be ignored for this session
Aug 06, 2021 4:34:19 PM org.openqa.selenium.remote.ProtocolHandshake createSession
INFO: Detected dialect: W3C
{"logLevel":"debug","message":"Executing 'Fill search box with {}' using 'class com.n11.gauge.pages.HomePage.searchPhone"}
JavaScript error: resource://devtools/client/jsonview/Sniffer.jsm, line 56: NS_ERROR_NOT_AVAILABLE: Component returned failure code: 0x80040111 (NS_ERROR_NOT_AVAILABLE) [nsIChannel.contentType]

###!!! [Child][MessageChannel] Error: (msgtype=0x5A0008,name=PHttpChannel::Msg_DeletingChannel) Channel closing: too late to send/recv, messages will be lost


###!!! [Child][MessageChannel] Error: (msgtype=0x5A0008,name=PHttpChannel::Msg_DeletingChannel) Channel closing: too late to send/recv, messages will be lost


###!!! [Child][MessageChannel] Error: (msgtype=0x5A0008,name=PHttpChannel::Msg_DeletingChannel) Channel closing: too late to send/recv, messages will be lost


###!!! [Child][MessageChannel] Error: (msgtype=0x5A0008,name=PHttpChannel::Msg_DeletingChannel) Channel closing: too late to send/recv, messages will be lost


###!!! [Child][MessageChannel] Error: (msgtype=0x5A0008,name=PHttpChannel::Msg_DeletingChannel) Channel closing: too late to send/recv, messages will be lost


###!!! [Child][MessageChannel] Error: (msgtype=0x5A0008,name=PHttpChannel::Msg_DeletingChannel) Channel closing: too late to send/recv, messages will be lost


###!!! [Child][MessageChannel] Error: (msgtype=0x3B0001,name=PCookieService::Msg_SetCookies) Channel closing: too late to send/recv, messages will be lost


###!!! [Child][MessageChannel] Error: (msgtype=0x5A0008,name=PHttpChannel::Msg_DeletingChannel) Channel closing: too late to send/recv, messages will be lost


###!!! [Child][RunMessage] Error: Channel closing: too late to send/recv, messages will be lost

1628256866011	Marionette	INFO	Stopped listening on port 61855
