{"logLevel":"debug","message":"multithreading is set to false"}
{"logLevel":"debug","message":"Using reflection to scan dependencies for gauge implementations..."}
{"logLevel":"debug","message":"gauge-java took 1286milliseconds to load and scan. This should be less than 'runner_connection_timeout' config value."}
{"logLevel":"debug","message":"run 'gauge config runner_connection_timeout' and verify that it is < 1286"}
{"logLevel":"debug","message":"starting gRPC server..."}
{"logLevel":"debug","message":"started gRPC server on port 62035"}
{"logLevel":"info","message":"Listening on port:62035"}
{"logLevel":"debug","message":"Scanning packages for steps"}
{"logLevel":"debug","message":"Comparing 'com.n11.gauge.pages.CartPage.addQuantity' and 'com.n11.gauge.pages.CartPage.addQuantity'"}
{"logLevel":"debug","message":"Found Add one product quantity in current project scope."}
{"logLevel":"debug","message":"Comparing 'com.n11.gauge.pages.CartPage.deleteProduct' and 'com.n11.gauge.pages.CartPage.deleteProduct'"}
{"logLevel":"debug","message":"Found Delete random product from cart in current project scope."}
{"logLevel":"debug","message":"Comparing 'com.n11.gauge.pages.HomePage.goToHomePage' and 'com.n11.gauge.pages.HomePage.goToHomePage'"}
{"logLevel":"debug","message":"Found Navigate to {} in current project scope."}
{"logLevel":"debug","message":"Comparing 'com.n11.gauge.pages.PhonePage.addToCart' and 'com.n11.gauge.pages.PhonePage.addToCart'"}
{"logLevel":"debug","message":"Found Add to cart in current project scope."}
{"logLevel":"debug","message":"Comparing 'com.n11.gauge.pages.HomePage.searchPhone' and 'com.n11.gauge.pages.HomePage.searchPhone'"}
{"logLevel":"debug","message":"Found Fill search box with {} in current project scope."}
{"logLevel":"debug","message":"Comparing 'com.n11.gauge.pages.HomePage.goToLoginPage' and 'com.n11.gauge.pages.HomePage.goToLoginPage'"}
{"logLevel":"debug","message":"Found Go to login page in current project scope."}
{"logLevel":"debug","message":"Comparing 'com.n11.gauge.pages.SearchPage.clickLastPhone' and 'com.n11.gauge.pages.SearchPage.clickLastPhone'"}
{"logLevel":"debug","message":"Found Click last phone in current project scope."}
{"logLevel":"debug","message":"Comparing 'com.n11.gauge.pages.PhonePage.goToCart' and 'com.n11.gauge.pages.PhonePage.goToCart'"}
{"logLevel":"debug","message":"Found Go to cart in current project scope."}
{"logLevel":"debug","message":"Comparing 'com.n11.gauge.pages.LoginPage.login' and 'com.n11.gauge.pages.LoginPage.login'"}
{"logLevel":"debug","message":"Found Login with {} and {} in current project scope."}
{"logLevel":"debug","message":"Comparing 'com.n11.gauge.pages.HomePage.clickRandomProduct' and 'com.n11.gauge.pages.HomePage.clickRandomProduct'"}
{"logLevel":"debug","message":"Found Click random product on home page in current project scope."}
{"logLevel":"debug","message":"Scanning packages for hooks"}
{"logLevel":"debug","message":"Scanned steps (using static parsing + reflections): "}
{"logLevel":"debug","message":"\tClick random product on home page : public void clickRandomProduct()"}
{"logLevel":"debug","message":"\tGo to cart : public void goToCart()"}
{"logLevel":"debug","message":"\tAdd to cart : public void addToCart() throws InterruptedException"}
{"logLevel":"debug","message":"\tDelete random product from cart : public void deleteProduct()"}
{"logLevel":"debug","message":"\tLogin with {} and {} : public void login(String email, String password)"}
{"logLevel":"debug","message":"\tNavigate to {} : public void goToHomePage(String url)"}
{"logLevel":"debug","message":"\tGo to login page : public void goToLoginPage()"}
{"logLevel":"debug","message":"\tClick last phone : public void clickLastPhone()"}
{"logLevel":"debug","message":"\tFill search box with {} : public void searchPhone(String phone)"}
{"logLevel":"debug","message":"\tAdd one product quantity : public void addQuantity()"}
{"logLevel":"debug","message":"Executing 'Navigate to {}' using 'class com.n11.gauge.pages.HomePage.goToHomePage"}
1628256915428	geckodriver	INFO	Listening on 127.0.0.1:44218
1628256916660	mozrunner::runner	INFO	Running command: "/Applications/Firefox.app/Contents/MacOS/firefox-bin" "--marionette" "-foreground" "-no-remote" "-profile" "/var/folders/nz/6cw7s0j54n744p31n5ng_gfm0000gn/T/rust_mozprofileMkmoeN"
1628256917389	Marionette	INFO	Marionette enabled
console.warn: SearchSettings: "get: No settings file exists, new profile?" (new NotFoundError("Could not open the file at /var/folders/nz/6cw7s0j54n744p31n5ng_gfm0000gn/T/rust_mozprofileMkmoeN/search.json.mozlz4", (void 0)))
console.error: BackgroundUpdate: 
  _reasonsToNotScheduleUpdates: Failed to check for Maintenance Service Registry Key: [Exception... "Component returned failure code: 0x80004001 (NS_ERROR_NOT_IMPLEMENTED) [nsIUpdateProcessor.getServiceRegKeyExists]"  nsresult: "0x80004001 (NS_ERROR_NOT_IMPLEMENTED)"  location: "JS frame :: resource://gre/modules/BackgroundUpdate.jsm :: _reasonsToNotScheduleUpdates :: line 243"  data: no]
1628256920865	Marionette	INFO	Listening on port 62048
1628256920961	Marionette	WARN	TLS certificate errors will be ignored for this session
Aug 06, 2021 4:35:21 PM org.openqa.selenium.remote.ProtocolHandshake createSession
INFO: Detected dialect: W3C
{"logLevel":"debug","message":"Executing 'Go to login page' using 'class com.n11.gauge.pages.HomePage.goToLoginPage"}
{"logLevel":"debug","message":"Executing 'Login with {} and {}' using 'class com.n11.gauge.pages.LoginPage.login"}
1628256931517	Marionette	WARN	TimedPromise timed out after 500 ms: stacktrace:
TimedPromise/<@chrome://marionette/content/sync.js:237:19
TimedPromise@chrome://marionette/content/sync.js:222:10
interaction.flushEventLoop@chrome://marionette/content/interaction.js:431:10
webdriverClickElement@chrome://marionette/content/interaction.js:179:31
{"logLevel":"debug","message":"Executing 'Click random product on home page' using 'class com.n11.gauge.pages.HomePage.clickRandomProduct"}
JavaScript error: , line 0: TypeError: NetworkError when attempting to fetch resource.
{"logLevel":"debug","message":"Executing 'Add to cart' using 'class com.n11.gauge.pages.PhonePage.addToCart"}
1628256940631	Marionette	WARN	TimedPromise timed out after 500 ms: stacktrace:
TimedPromise/<@chrome://marionette/content/sync.js:237:19
TimedPromise@chrome://marionette/content/sync.js:222:10
interaction.flushEventLoop@chrome://marionette/content/interaction.js:431:10
webdriverClickElement@chrome://marionette/content/interaction.js:179:31
{"logLevel":"debug","message":"Executing 'Go to cart' using 'class com.n11.gauge.pages.PhonePage.goToCart"}
{"logLevel":"debug","message":"Executing 'Delete random product from cart' using 'class com.n11.gauge.pages.CartPage.deleteProduct"}
{"logLevel":"debug","message":"Executing 'Navigate to {}' using 'class com.n11.gauge.pages.HomePage.goToHomePage"}
1628256945446	geckodriver	INFO	Listening on 127.0.0.1:21698
1628256946449	mozrunner::runner	INFO	Running command: "/Applications/Firefox.app/Contents/MacOS/firefox-bin" "--marionette" "-foreground" "-no-remote" "-profile" "/var/folders/nz/6cw7s0j54n744p31n5ng_gfm0000gn/T/rust_mozprofileVGfhKs"
JavaScript error: https://n11scdn.akamaized.net/static/new-design/static/output/js/n11_1627999763189.js, line 1: TypeError: Ll(...) is undefined
JavaScript error: https://www.n11.com/sepetim line 29 > injectedScript, line 4: TypeError: basketProducts is undefined
JavaScript error: https://www.n11.com/sepetim line 29 > injectedScript, line 3: TypeError: basketProducts is undefined
1628256948685	Marionette	INFO	Marionette enabled
JavaScript error: https://www.n11.com/sepetim line 29 > injectedScript, line 1: TypeError: basketProducts is undefined
console.warn: SearchSettings: "get: No settings file exists, new profile?" (new NotFoundError("Could not open the file at /var/folders/nz/6cw7s0j54n744p31n5ng_gfm0000gn/T/rust_mozprofileVGfhKs/search.json.mozlz4", (void 0)))
console.error: BackgroundUpdate: 
  _reasonsToNotScheduleUpdates: Failed to check for Maintenance Service Registry Key: [Exception... "Component returned failure code: 0x80004001 (NS_ERROR_NOT_IMPLEMENTED) [nsIUpdateProcessor.getServiceRegKeyExists]"  nsresult: "0x80004001 (NS_ERROR_NOT_IMPLEMENTED)"  location: "JS frame :: resource://gre/modules/BackgroundUpdate.jsm :: _reasonsToNotScheduleUpdates :: line 243"  data: no]
1628256953217	Marionette	INFO	Listening on port 62228
1628256953305	Marionette	WARN	TLS certificate errors will be ignored for this session
Aug 06, 2021 4:35:53 PM org.openqa.selenium.remote.ProtocolHandshake createSession
INFO: Detected dialect: W3C
{"logLevel":"debug","message":"Executing 'Fill search box with {}' using 'class com.n11.gauge.pages.HomePage.searchPhone"}
JavaScript error: resource://gre/modules/AsyncShutdown.jsm, line 575: NotFoundError: No such JSWindowActor 'MarionetteEvents'
JavaScript error: resource://gre/modules/Sqlite.jsm, line 1030: Error: Sqlite.jsm has been shutdown. Cannot open connection to: /var/folders/nz/6cw7s0j54n744p31n5ng_gfm0000gn/T/rust_mozprofileVGfhKs/protections.sqlite

###!!! [Child][RunMessage] Error: Channel closing: too late to send/recv, messages will be lost

1628256957284	Marionette	INFO	Stopped listening on port 62228
{"logLevel":"debug","message":"Killing Java runner..."}
{"logLevel":"debug","message":"Stopping execution pool..."}
{"logLevel":"debug","message":"Shutting down grpc server..."}
{"logLevel":"debug","message":"Runner killed gracefully."}
