{"logLevel":"debug","message":"multithreading is set to false"}
{"logLevel":"debug","message":"Using reflection to scan dependencies for gauge implementations..."}
{"logLevel":"debug","message":"gauge-java took 687milliseconds to load and scan. This should be less than 'runner_connection_timeout' config value."}
{"logLevel":"debug","message":"run 'gauge config runner_connection_timeout' and verify that it is < 687"}
{"logLevel":"debug","message":"starting gRPC server..."}
{"logLevel":"debug","message":"Scanning packages for steps"}
{"logLevel":"debug","message":"Comparing 'com.n11.gauge.pages.CartPage.payment' and 'com.n11.gauge.pages.CartPage.payment'"}
{"logLevel":"debug","message":"Found Go to payment in current project scope."}
{"logLevel":"debug","message":"Comparing 'com.n11.gauge.pages.CartPage.addQuantity' and 'com.n11.gauge.pages.CartPage.addQuantity'"}
{"logLevel":"debug","message":"Found Add one product quantity in current project scope."}
{"logLevel":"debug","message":"Comparing 'com.n11.gauge.pages.CartPage.deleteProduct' and 'com.n11.gauge.pages.CartPage.deleteProduct'"}
{"logLevel":"debug","message":"Found Delete random product from cart in current project scope."}
{"logLevel":"debug","message":"Comparing 'com.n11.gauge.pages.HomePage.goToHomePage' and 'com.n11.gauge.pages.HomePage.goToHomePage'"}
{"logLevel":"debug","message":"Found Navigate to {} in current project scope."}
{"logLevel":"debug","message":"Comparing 'com.n11.gauge.pages.PhonePage.addToCart' and 'com.n11.gauge.pages.PhonePage.addToCart'"}
{"logLevel":"debug","message":"Found Add to cart in current project scope."}
{"logLevel":"debug","message":"Comparing 'com.n11.gauge.pages.HomePage.searchPhone' and 'com.n11.gauge.pages.HomePage.searchPhone'"}
{"logLevel":"debug","message":"Found Fill search box with {} in current project scope."}
{"logLevel":"debug","message":"Comparing 'com.n11.gauge.pages.HomePage.goToLoginPage' and 'com.n11.gauge.pages.HomePage.goToLoginPage'"}
{"logLevel":"debug","message":"Found Go to login page in current project scope."}
{"logLevel":"debug","message":"Comparing 'com.n11.gauge.pages.SearchPage.clickLastPhone' and 'com.n11.gauge.pages.SearchPage.clickLastPhone'"}
{"logLevel":"debug","message":"Found Click last phone in current project scope."}
{"logLevel":"debug","message":"Comparing 'com.n11.gauge.pages.PhonePage.goToCart' and 'com.n11.gauge.pages.PhonePage.goToCart'"}
{"logLevel":"debug","message":"Found Go to cart in current project scope."}
{"logLevel":"debug","message":"Comparing 'com.n11.gauge.pages.LoginPage.login' and 'com.n11.gauge.pages.LoginPage.login'"}
{"logLevel":"debug","message":"Found Login with {} and {} in current project scope."}
{"logLevel":"debug","message":"Comparing 'com.n11.gauge.pages.HomePage.clickRandomProduct' and 'com.n11.gauge.pages.HomePage.clickRandomProduct'"}
{"logLevel":"debug","message":"Found Click random product on home page in current project scope."}
{"logLevel":"debug","message":"Scanning packages for hooks"}
{"logLevel":"debug","message":"Scanned steps (using static parsing + reflections): "}
{"logLevel":"debug","message":"\tClick random product on home page : public void clickRandomProduct()"}
{"logLevel":"debug","message":"\tGo to payment : public void payment()"}
{"logLevel":"debug","message":"\tGo to cart : public void goToCart()"}
{"logLevel":"debug","message":"\tAdd to cart : public void addToCart() throws InterruptedException"}
{"logLevel":"debug","message":"\tDelete random product from cart : public void deleteProduct() throws InterruptedException"}
{"logLevel":"debug","message":"\tLogin with {} and {} : public void login(String email, String password)"}
{"logLevel":"debug","message":"\tNavigate to {} : public void goToHomePage(String url)"}
{"logLevel":"debug","message":"\tGo to login page : public void goToLoginPage()"}
{"logLevel":"debug","message":"\tClick last phone : public void clickLastPhone()"}
{"logLevel":"debug","message":"\tFill search box with {} : public void searchPhone(String phone)"}
{"logLevel":"debug","message":"\tAdd one product quantity : public void addQuantity()"}
{"logLevel":"debug","message":"started gRPC server on port 55004"}
{"logLevel":"info","message":"Listening on port:55004"}
{"logLevel":"debug","message":"Executing 'Navigate to {}' using 'class com.n11.gauge.pages.HomePage.goToHomePage"}
1628492827246	geckodriver	INFO	Listening on 127.0.0.1:23193
1628492828412	mozrunner::runner	INFO	Running command: "/Applications/Firefox.app/Contents/MacOS/firefox-bin" "--marionette" "-foreground" "-no-remote" "-profile" "/var/folders/nz/6cw7s0j54n744p31n5ng_gfm0000gn/T/rust_mozprofile0Okf4v"
1628492828997	Marionette	INFO	Marionette enabled
[Parent 33629, Main Thread] WARNING: Unable to create pipe in server mode error(Too many open files in system).: file /builds/worker/checkouts/gecko/ipc/chromium/src/chrome/common/ipc_channel_posix.cc:161
[Parent 33629, Main Thread] WARNING: Unable to create pipe in server mode error(Too many open files in system).: file /builds/worker/checkouts/gecko/ipc/chromium/src/chrome/common/ipc_channel_posix.cc:161
[warn] kqueue: Too many open files in system
[warn] evutil_make_internal_pipe_: pipe: Too many open files in system
[err] evsig_init_: socketpair: Too many open files in system
[GFX1-]: Receive IPC close with reason=AbnormalShutdown
Exiting due to channel error.
{"logLevel":"debug","message":"Executing 'Go to login page' using 'class com.n11.gauge.pages.HomePage.goToLoginPage"}
{"logLevel":"debug","message":"Executing 'Click random product on home page' using 'class com.n11.gauge.pages.HomePage.clickRandomProduct"}
{"logLevel":"debug","message":"Executing 'Fill search box with {}' using 'class com.n11.gauge.pages.HomePage.searchPhone"}
{"logLevel":"debug","message":"Killing Java runner..."}
{"logLevel":"debug","message":"Stopping execution pool..."}
{"logLevel":"debug","message":"Shutting down grpc server..."}
{"logLevel":"debug","message":"Runner killed gracefully."}
