{"logLevel":"debug","message":"multithreading is set to false"}
{"logLevel":"debug","message":"Using reflection to scan dependencies for gauge implementations..."}
{"logLevel":"debug","message":"gauge-java took 1210milliseconds to load and scan. This should be less than 'runner_connection_timeout' config value."}
{"logLevel":"debug","message":"run 'gauge config runner_connection_timeout' and verify that it is < 1210"}
{"logLevel":"debug","message":"starting gRPC server..."}
{"logLevel":"debug","message":"Scanning packages for steps"}
{"logLevel":"debug","message":"Comparing 'com.n11.gauge.pages.CartPage.payment' and 'com.n11.gauge.pages.CartPage.payment'"}
{"logLevel":"debug","message":"Found Go to payment in current project scope."}
{"logLevel":"debug","message":"Comparing 'com.n11.gauge.pages.CartPage.addQuantity' and 'com.n11.gauge.pages.CartPage.addQuantity'"}
{"logLevel":"debug","message":"Found Add one product quantity in current project scope."}
{"logLevel":"debug","message":"Comparing 'com.n11.gauge.pages.CartPage.deleteProduct' and 'com.n11.gauge.pages.CartPage.deleteProduct'"}
{"logLevel":"debug","message":"Found Delete random product from cart in current project scope."}
{"logLevel":"debug","message":"Comparing 'com.n11.gauge.pages.HomePage.goToHomePage' and 'com.n11.gauge.pages.HomePage.goToHomePage'"}
{"logLevel":"debug","message":"Found Navigate to {} in current project scope."}
{"logLevel":"debug","message":"Comparing 'com.n11.gauge.pages.PhonePage.addToCart' and 'com.n11.gauge.pages.PhonePage.addToCart'"}
{"logLevel":"debug","message":"Found Add to cart in current project scope."}
{"logLevel":"debug","message":"Comparing 'com.n11.gauge.pages.HomePage.searchPhone' and 'com.n11.gauge.pages.HomePage.searchPhone'"}
{"logLevel":"debug","message":"Found Fill search box with {} in current project scope."}
{"logLevel":"debug","message":"Comparing 'com.n11.gauge.pages.HomePage.goToLoginPage' and 'com.n11.gauge.pages.HomePage.goToLoginPage'"}
{"logLevel":"debug","message":"Found Go to login page in current project scope."}
{"logLevel":"debug","message":"Comparing 'com.n11.gauge.pages.SearchPage.clickLastPhone' and 'com.n11.gauge.pages.SearchPage.clickLastPhone'"}
{"logLevel":"debug","message":"Found Click last phone in current project scope."}
{"logLevel":"debug","message":"Comparing 'com.n11.gauge.pages.PhonePage.goToCart' and 'com.n11.gauge.pages.PhonePage.goToCart'"}
{"logLevel":"debug","message":"Found Go to cart in current project scope."}
{"logLevel":"debug","message":"Comparing 'com.n11.gauge.pages.LoginPage.login' and 'com.n11.gauge.pages.LoginPage.login'"}
{"logLevel":"debug","message":"Found Login with {} and {} in current project scope."}
{"logLevel":"debug","message":"Comparing 'com.n11.gauge.pages.HomePage.clickRandomProduct' and 'com.n11.gauge.pages.HomePage.clickRandomProduct'"}
{"logLevel":"debug","message":"Found Click random product on home page in current project scope."}
{"logLevel":"debug","message":"Scanning packages for hooks"}
{"logLevel":"debug","message":"Scanned steps (using static parsing + reflections): "}
{"logLevel":"debug","message":"\tClick random product on home page : public void clickRandomProduct() throws InterruptedException"}
{"logLevel":"debug","message":"\tGo to payment : public void payment()"}
{"logLevel":"debug","message":"\tGo to cart : public void goToCart()"}
{"logLevel":"debug","message":"\tAdd to cart : public void addToCart() throws InterruptedException"}
{"logLevel":"debug","message":"\tDelete random product from cart : public void deleteProduct() throws InterruptedException"}
{"logLevel":"debug","message":"\tLogin with {} and {} : public void login(String email, String password)"}
{"logLevel":"debug","message":"\tNavigate to {} : public void goToHomePage(String url)"}
{"logLevel":"debug","message":"\tGo to login page : public void goToLoginPage()"}
{"logLevel":"debug","message":"\tClick last phone : public void clickLastPhone()"}
{"logLevel":"debug","message":"\tFill search box with {} : public void searchPhone(String phone)"}
{"logLevel":"debug","message":"\tAdd one product quantity : public void addQuantity()"}
{"logLevel":"debug","message":"started gRPC server on port 55913"}
{"logLevel":"info","message":"Listening on port:55913"}
{"logLevel":"debug","message":"Executing 'Navigate to {}' using 'class com.n11.gauge.pages.HomePage.goToHomePage"}
1628493129476	geckodriver	INFO	Listening on 127.0.0.1:5802
1628493130672	mozrunner::runner	INFO	Running command: "/Applications/Firefox.app/Contents/MacOS/firefox-bin" "--marionette" "-foreground" "-no-remote" "-profile" "/var/folders/nz/6cw7s0j54n744p31n5ng_gfm0000gn/T/rust_mozprofileMIhtdw"
1628493132170	Marionette	INFO	Marionette enabled
console.warn: SearchSettings: "get: No settings file exists, new profile?" (new NotFoundError("Could not open the file at /var/folders/nz/6cw7s0j54n744p31n5ng_gfm0000gn/T/rust_mozprofileMIhtdw/search.json.mozlz4", (void 0)))
console.error: BackgroundUpdate: 
  _reasonsToNotScheduleUpdates: Failed to check for Maintenance Service Registry Key: [Exception... "Component returned failure code: 0x80004001 (NS_ERROR_NOT_IMPLEMENTED) [nsIUpdateProcessor.getServiceRegKeyExists]"  nsresult: "0x80004001 (NS_ERROR_NOT_IMPLEMENTED)"  location: "JS frame :: resource://gre/modules/BackgroundUpdate.jsm :: _reasonsToNotScheduleUpdates :: line 243"  data: no]
1628493134658	Marionette	INFO	Listening on port 55925
1628493134733	Marionette	WARN	TLS certificate errors will be ignored for this session
Aug 09, 2021 10:12:14 AM org.openqa.selenium.remote.ProtocolHandshake createSession
INFO: Detected dialect: W3C
{"logLevel":"debug","message":"Executing 'Go to login page' using 'class com.n11.gauge.pages.HomePage.goToLoginPage"}
IPDL protocol error: Handler returned error code!

###!!! [Parent][DispatchAsyncMessage] Error: PMessagePort::Msg_PostMessages Processing error: message was deserialized, but the handler returned false (indicating failure)

{"logLevel":"debug","message":"Executing 'Login with {} and {}' using 'class com.n11.gauge.pages.LoginPage.login"}
[Parent 33894, Main Thread] WARNING: Unable to create pipe in server mode error(Too many open files in system).: file /builds/worker/checkouts/gecko/ipc/chromium/src/chrome/common/ipc_channel_posix.cc:161
2021-08-09 10:12:20.880 plugin-container[33896:8649421] CoreText: System LastResort not available, using built-in copy.
2021-08-09 10:12:20.881 firefox-bin[33894:8649706] CoreText: System LastResort not available, using built-in copy.
{"logLevel":"debug","message":"Executing 'Click random product on home page' using 'class com.n11.gauge.pages.HomePage.clickRandomProduct"}
1628493143175	Marionette	WARN	Ignoring event 'pageshow' because document has an invalid readyState of 'uninitialized'.
JavaScript error: , line 0: NetworkError: A network error occurred.
JavaScript error: , line 0: NetworkError: A network error occurred.
{"logLevel":"error","message":"Failed to take regular screenshot: /Users/kadirince/Library/Java/JavaVirtualMachines/openjdk-16.0.1/Contents/Home/lib/libawt.dylib: dlopen(/Users/kadirince/Library/Java/JavaVirtualMachines/openjdk-16.0.1/Contents/Home/lib/libawt.dylib, 1): no suitable image found.  Did find:\n\t/Users/kadirince/Library/Java/JavaVirtualMachines/openjdk-16.0.1/Contents/Home/lib/libawt.dylib: open() failed with errno=23"}
{"logLevel":"debug","message":"Executing 'Fill search box with {}' using 'class com.n11.gauge.pages.HomePage.searchPhone"}
{"logLevel":"error","message":"Failed to take regular screenshot: Could not initialize class java.awt.Rectangle"}
