{"logLevel":"debug","message":"multithreading is set to false"}
{"logLevel":"debug","message":"Using reflection to scan dependencies for gauge implementations..."}
{"logLevel":"debug","message":"gauge-java took 593milliseconds to load and scan. This should be less than 'runner_connection_timeout' config value."}
{"logLevel":"debug","message":"run 'gauge config runner_connection_timeout' and verify that it is < 593"}
{"logLevel":"debug","message":"starting gRPC server..."}
{"logLevel":"debug","message":"started gRPC server on port 65511"}
{"logLevel":"info","message":"Listening on port:65511"}
{"logLevel":"debug","message":"Scanning packages for steps"}
{"logLevel":"debug","message":"Comparing 'com.n11.gauge.OpenHomePage.navigateTo' and 'com.n11.gauge.OpenHomePage.navigateTo'"}
{"logLevel":"debug","message":"Found Navigate to {} in current project scope."}
{"logLevel":"debug","message":"Comparing 'com.n11.gauge.OpenHomePage.isOpen' and 'com.n11.gauge.OpenHomePage.isOpen'"}
{"logLevel":"debug","message":"Found Check it is open in current project scope."}
{"logLevel":"debug","message":"Comparing 'com.n11.gauge.OpenHomePage.clickLoginButton' and 'com.n11.gauge.OpenHomePage.clickLoginButton'"}
{"logLevel":"debug","message":"Found Click to the login button in current project scope."}
{"logLevel":"debug","message":"Scanning packages for hooks"}
{"logLevel":"debug","message":"Scanned steps (using static parsing + reflections): "}
{"logLevel":"debug","message":"\tClick to the login button : public void clickLoginButton()"}
{"logLevel":"debug","message":"\tNavigate to {} : public void navigateTo(String url)"}
{"logLevel":"debug","message":"\tCheck it is open : public void isOpen()"}
{"logLevel":"debug","message":"Executing 'Navigate to {}' using 'class com.n11.gauge.OpenHomePage.navigateTo"}
Starting ChromeDriver 92.0.4515.43 (8c61b7e2989f2990d42f859cac71319137787cce-refs/branch-heads/4515@{#306}) on port 29673
Only local connections are allowed.
Please see https://chromedriver.chromium.org/security-considerations for suggestions on keeping ChromeDriver safe.
ChromeDriver was started successfully.
Jul 27, 2021 9:07:11 AM org.openqa.selenium.remote.ProtocolHandshake createSession
INFO: Detected dialect: W3C
{"logLevel":"debug","message":"Executing 'Check it is open' using 'class com.n11.gauge.OpenHomePage.isOpen"}
{"logLevel":"debug","message":"Killing Java runner..."}
{"logLevel":"debug","message":"Stopping execution pool..."}
{"logLevel":"debug","message":"Shutting down grpc server..."}
{"logLevel":"debug","message":"Runner killed gracefully."}
