27-07-2021 08:30:30.960 [Gauge] [INFO] Initializing concepts cache with 0 concepts
27-07-2021 08:30:30.961 [Gauge] [INFO] Initializing specs cache with 1 specs
27-07-2021 08:30:30.961 [Gauge] [DEBUG] Adding specs from /Users/kadirince/Desktop/n11/specs/example.spec
27-07-2021 08:30:30.962 [Gauge] [INFO] Initializing steps cache with 1 steps
27-07-2021 08:30:30.962 [Gauge] [INFO] Gauge daemon initialized and listening on port: 64036
27-07-2021 08:30:30.963 [Gauge] [DEBUG] Watching directory: /Users/kadirince/Desktop/n11/specs
27-07-2021 08:30:30.963 [Gauge] [DEBUG] Found 1 files
27-07-2021 08:31:52.723 [Gauge] [DEBUG] Spec file added / modified: /Users/kadirince/Desktop/n11/specs/example.spec
27-07-2021 08:31:52.878 [Gauge] [DEBUG] Spec file added / modified: /Users/kadirince/Desktop/n11/specs/example.spec
27-07-2021 08:32:25.066 [Gauge] [DEBUG] Spec file added / modified: /Users/kadirince/Desktop/n11/specs/example.spec
27-07-2021 08:33:11.751 [Gauge] [DEBUG] Spec file added / modified: /Users/kadirince/Desktop/n11/specs/example.spec
27-07-2021 08:33:11.938 [Gauge] [DEBUG] Spec file added / modified: /Users/kadirince/Desktop/n11/specs/example.spec
27-07-2021 08:38:01.156 [Gauge] [DEBUG] Spec file added / modified: /Users/kadirince/Desktop/n11/specs/example.spec
27-07-2021 08:38:08.654 [Gauge] [DEBUG] Spec file added / modified: /Users/kadirince/Desktop/n11/specs/example.spec
27-07-2021 08:38:29.406 [Gauge] [DEBUG] Spec file added / modified: /Users/kadirince/Desktop/n11/specs/example.spec
27-07-2021 08:39:16.365 [Gauge] [DEBUG] Spec file added / modified: /Users/kadirince/Desktop/n11/specs/example.spec
27-07-2021 08:39:29.547 [Gauge] [DEBUG] Spec file added / modified: /Users/kadirince/Desktop/n11/specs/example.spec
27-07-2021 08:40:03.966 [Gauge] [DEBUG] Spec file added / modified: /Users/kadirince/Desktop/n11/specs/example.spec
StepValueRequest messageId:4 stepValueRequest:{}
27-07-2021 08:31:53.523 [Gauge] [DEBUG] Sending API response: messageType:GetStepValueResponse messageId:4 stepValueResponse:{stepValue:{}}
27-07-2021 08:31:53.633 [Gauge] [DEBUG] Api Request Received: messageType:GetStepValueRequest messageId:4 stepValueRequest:{}
27-07-2021 08:31:53.633 [Gauge] [DEBUG] Sending API response: messageType:GetStepValueResponse messageId:4 stepValueResponse:{stepValue:{}}
27-07-2021 08:31:53.633 [Gauge] [DEBUG] Api Request Received: messageType:GetStepValueRequest messageId:4 stepValueRequest:{}
27-07-2021 08:31:53.633 [Gauge] [DEBUG] Sending API response: messageType:GetStepValueResponse messageId:4 stepValueResponse:{stepValue:{}}
27-07-2021 08:31:53.862 [Gauge] [DEBUG] Api Request Received: messageType:GetStepValueRequest messageId:4 stepValueRequest:{}
27-07-2021 08:31:53.862 [Gauge] [DEBUG] Sending API response: messageType:GetStepValueResponse messageId:4 stepValueResponse:{stepValue:{}}
27-07-2021 08:31:53.872 [Gauge] [DEBUG] Api Request Received: messageType:GetStepValueRequest messageId:4 stepValueRequest:{}
27-07-2021 08:31:53.872 [Gauge] [DEBUG] Sending API response: messageType:GetStepValueResponse messageId:4 stepValueResponse:{stepValue:{}}
27-07-2021 08:31:53.900 [Gauge] [DEBUG] Api Request Received: messageType:GetStepValueRequest messageId:4 stepValueRequest:{}
27-07-2021 08:31:53.900 [Gauge] [DEBUG] Sending API response: messageType:GetStepValueResponse messageId:4 stepValueResponse:{stepValue:{}}
27-07-2021 08:31:53.910 [Gauge] [DEBUG] Api Request Received: messageType:GetStepValueRequest messageId:4 stepValueRequest:{}
27-07-2021 08:31:53.910 [Gauge] [DEBUG] Sending API response: messageType:GetStepValueResponse messageId:4 stepValueResponse:{stepValue:{}}
27-07-2021 08:31:53.922 [Gauge] [DEBUG] Api Request Received: messageType:GetStepValueRequest messageId:4 stepValueRequest:{}
27-07-2021 08:31:53.922 [Gauge] [DEBUG] Sending API response: messageType:GetStepValueResponse messageId:4 stepValueResponse:{stepValue:{}}
27-07-2021 08:31:54.192 [Gauge] [DEBUG] Api Request Received: messageType:GetStepValueRequest messageId:4 stepValueRequest:{}
27-07-2021 08:31:54.192 [Gauge] [DEBUG] Sending API response: messageType:GetStepValueResponse messageId:4 stepValueResponse:{stepValue:{}}
27-07-2021 08:31:54.193 [Gauge] [DEBUG] Api Request Received: messageType:GetStepValueRequest messageId:4 stepValueRequest:{}
27-07-2021 08:31:54.193 [Gauge] [DEBUG] Sending API response: messageType:GetStepValueResponse messageId:4 stepValueResponse:{stepValue:{}}
27-07-2021 08:31:54.267 [Gauge] [DEBUG] Api Request Received: messageType:GetStepValueRequest messageId:4 stepValueRequest:{}
27-07-2021 08:31:54.268 [Gauge] [DEBUG] Sending API response: messageType:GetStepValueResponse messageId:4 stepValueResponse:{stepValue:{}}
27-07-2021 08:31:54.276 [Gauge] [DEBUG] Api Request Received: messageType:GetStepValueRequest messageId:4 stepValueRequest:{}
27-07-2021 08:31:54.276 [Gauge] [DEBUG] Sending API response: messageType:GetStepValueResponse messageId:4 stepValueResponse:{stepValue:{}}
27-07-2021 08:31:54.281 [Gauge] [DEBUG] Api Request Received: messageType:GetStepValueRequest messageId:4 stepValueRequest:{}
27-07-2021 08:31:54.281 [Gauge] [DEBUG] Sending API response: messageType:GetStepValueResponse messageId:4 stepValueResponse:{stepValue:{}}
27-07-2021 08:31:54.366 [Gauge] [DEBUG] Api Request Received: messageType:GetStepValueRequest messageId:4 stepValueRequest:{}
27-07-2021 08:31:54.367 [Gauge] [DEBUG] Sending API response: messageType:GetStepValueResponse messageId:4 stepValueResponse:{stepValue:{}}
27-07-2021 08:31:54.368 [Gauge] [DEBUG] Api Request Received: messageType:GetStepValueRequest messageId:4 stepValueRequest:{}
27-07-2021 08:31:54.368 [Gauge] [DEBUG] Sending API response: messageType:GetStepValueResponse messageId:4 stepValueResponse:{stepValue:{}}
27-07-2021 08:31:54.458 [Gauge] [DEBUG] Api Request Received: messageType:GetStepValueRequest messageId:4 stepValueRequest:{}
27-07-2021 08:31:54.458 [Gauge] [DEBUG] Sending API response: messageType:GetStepValueResponse messageId:4 stepValueResponse:{stepValue:{}}
27-07-2021 08:31:54.458 [Gauge] [DEBUG] Api Request Received: messageType:GetStepValueRequest messageId:4 stepValueRequest:{}
27-07-2021 08:31:54.458 [Gauge] [DEBUG] Sending API response: messageType:GetStepValueResponse messageId:4 stepValueResponse:{stepValue:{}}
27-07-2021 08:31:54.907 [Gauge] [DEBUG] Api Request Received: messageType:GetAllStepsRequest messageId:2 allStepsRequest:{}
27-07-2021 08:31:54.908 [Gauge] [DEBUG] Sending API response: messageType:GetAllStepResponse messageId:2 allStepsResponse:{}
27-07-2021 08:31:54.908 [Gauge] [DEBUG] Api Request Received: messageType:GetAllConceptsRequest messageId:6 allConceptsRequest:{}
27-07-2021 08:31:54.908 [Gauge] [DEBUG] Sending API response: messageType:GetAllConceptsResponse messageId:6 allConceptsResponse:{}
27-07-2021 08:31:54.913 [Gauge] [DEBUG] Api Request Received: messageType:GetAllStepsRequest messageId:2 allStepsRequest:{}
27-07-2021 08:31:54.913 [Gauge] [DEBUG] Sending API response: messageType:GetAllStepResponse messageId:2 allStepsResponse:{}
27-07-2021 08:31:54.913 [Gauge] [DEBUG] Api Request Received: messageType:GetAllConceptsRequest messageId:6 allConceptsRequest:{}
27-07-2021 08:31:54.913 [Gauge] [DEBUG] Sending API response: messageType:GetAllConceptsResponse messageId:6 allConceptsResponse:{}
27-07-2021 08:31:55.276 [Gauge] [DEBUG] Api Request Received: messageType:GetStepValueRequest messageId:4 stepValueRequest:{stepText:"Navig"}
27-07-2021 08:31:55.276 [Gauge] [DEBUG] Sending API response: messageType:GetStepValueResponse messageId:4 stepValueResponse:{stepValue:{stepValue:"Navig" parameterizedStepValue:"Navig"}}
27-07-2021 08:31:55.309 [Gauge] [DEBUG] Api Request Received: messageType:GetAllStepsRequest messageId:2 allStepsRequest:{}
27-07-2021 08:31:55.309 [Gauge] [DEBUG] Sending API response: messageType:GetAllStepResponse messageId:2 allStepsResponse:{}
27-07-2021 08:31:55.309 [Gauge] [DEBUG] Api Request Received: messageType:GetAllConceptsRequest messageId:6 allConceptsRequest:{}
27-07-2021 08:31:55.309 [Gauge] [DEBUG] Sending API response: messageType:GetAllConceptsResponse messageId:6 allConceptsResponse:{}
27-07-2021 08:31:55.718 [Gauge] [DEBUG] Api Request Received: messageType:GetAllStepsRequest messageId:2 allStepsRequest:{}
27-07-2021 08:31:55.718 [Gauge] [DEBUG] Sending API response: messageType:GetAllStepResponse messageId:2 allStepsResponse:{}
27-07-2021 08:31:55.718 [Gauge] [DEBUG] Api Request Received: messageType:GetAllConceptsRequest messageId:6 allConceptsRequest:{}
27-07-2021 08:31:55.718 [Gauge] [DEBUG] Sending API response: messageType:GetAllConceptsResponse messageId:6 allConceptsResponse:{}
27-07-2021 08:31:57.712 [Gauge] [DEBUG] Api Request Received: messageType:GetStepValueRequest messageId:4 stepValueRequest:{stepText:"Navigate to '"}
27-07-2021 08:31:57.712 [Gauge] [DEBUG] Sending API response: messageType:GetStepValueResponse messageId:4 stepValueResponse:{stepValue:{stepValue:"Navigate to '" parameterizedStepValue:"Navigate to '"}}
27-07-2021 08:32:02.457 [Gauge] [DEBUG] Api Request Received: messageType:GetStepValueRequest messageId:4 stepValueRequest:{stepText:"Navigate to \"https://github\""}
27-07-2021 08:32:02.457 [Gauge] [DEBUG] Sending API response: messageType:GetStepValueResponse messageId:4 stepValueResponse:{stepValue:{stepValue:"Navigate to {}" parameterizedStepValue:"Navigate to <https://github>" parameters:"https://github"}}
27-07-2021 08:32:02.609 [Gauge] [DEBUG] Api Request Received: messageType:GetStepValueRequest messageId:4 stepValueRequest:{stepText:"Navigate to \"https://\""}
27-07-2021 08:32:02.609 [Gauge] [DEBUG] Sending API response: messageType:GetStepValueResponse messageId:4 stepValueResponse:{stepValue:{stepValue:"Navigate to {}" parameterizedStepValue:"Navigate to <https://>" parameters:"https://"}}
27-07-2021 08:32:02.977 [Gauge] [DEBUG] Api Request Received: messageType:GetStepValueRequest messageId:4 stepValueRequest:{stepText:"Navigate to \"https://n\""}
27-07-2021 08:32:02.977 [Gauge] [DEBUG] Sending API response: messageType:GetStepValueResponse messageId:4 stepValueResponse:{stepValue:{stepValue:"Navigate to {}" parameterizedStepValue:"Navigate to <https://n>" parameters:"https://n"}}
27-07-2021 08:32:03.146 [Gauge] [DEBUG] Api Request Received: messageType:GetStepValueRequest messageId:4 stepValueRequest:{stepText:"Navigate to \"https://n1\""}
27-07-2021 08:32:03.147 [Gauge] [DEBUG] Sending API response: messageType:GetStepValueResponse messageId:4 stepValueResponse:{stepValue:{stepValue:"Navigate to {}" parameterizedStepValue:"Navigate to <https://n1>" parameters:"https://n1"}}
27-07-2021 08:32:03.291 [Gauge] [DEBUG] Api Request Received: messageType:GetStepValueRequest messageId:4 stepValueRequest:{stepText:"Navigate to \"https://n11\""}
27-07-2021 08:32:03.291 [Gauge] [DEBUG] Sending API response: messageType:GetStepValueResponse messageId:4 stepValueResponse:{stepValue:{stepValue:"Navigate to {}" parameterizedStepValue:"Navigate to <https://n11>" parameters:"https://n11"}}
27-07-2021 08:32:03.451 [Gauge] [DEBUG] Api Request Received: messageType:GetStepValueRequest messageId:4 stepValueRequest:{stepText:"Navigate to \"https://n11/\""}
27-07-2021 08:32:03.451 [Gauge] [DEBUG] Sending API response: messageType:GetStepValueResponse messageId:4 stepValueResponse:{stepValue:{stepValue:"Navigate to {}" parameterizedStepValue:"Navigate to <https://n11/>" parameters:"https://n11/"}}
27-07-2021 08:32:03.928 [Gauge] [DEBUG] Api Request Received: messageType:GetStepValueRequest messageId:4 stepValueRequest:{stepText:"Navigate to \"https://n11.\""}
27-07-2021 08:32:03.928 [Gauge] [DEBUG] Sending API response: messageType:GetStepValueResponse messageId:4 stepValueResponse:{stepValue:{stepValue:"Navigate to {}" parameterizedStepValue:"Navigate to <https://n11.>" parameters:"https://n11."}}
27-07-2021 08:32:04.050 [Gauge] [DEBUG] Api Request Received: messageType:GetStepValueRequest messageId:4 stepValueRequest:{stepText:"Navigate to \"https://n11.c\""}
27-07-2021 08:32:04.051 [Gauge] [DEBUG] Sending API response: messageType:GetStepValueResponse messageId:4 stepValueResponse:{stepValue:{stepValue:"Navigate to {}" parameterizedStepValue:"Navigate to <https://n11.c>" parameters:"https://n11.c"}}
27-07-2021 08:32:04.215 [Gauge] [DEBUG] Api Request Received: messageType:GetStepValueRequest messageId:4 stepValueRequest:{stepText:"Navigate to \"https://n11.co\""}
27-07-2021 08:32:04.215 [Gauge] [DEBUG] Sending API response: messageType:GetStepValueResponse messageId:4 stepValueResponse:{stepValue:{stepValue:"Navigate to {}" parameterizedStepValue:"Navigate to <https://n11.co>" parameters:"https://n11.co"}}
27-07-2021 08:32:04.600 [Gauge] [DEBUG] Api Request Received: messageType:GetStepValueRequest messageId:4 stepValueRequest:{stepText:"Navigate to \"https://n11.con\""}
27-07-2021 08:32:04.600 [Gauge] [DEBUG] Sending API response: messageType:GetStepValueResponse messageId:4 stepValueResponse:{stepValue:{stepValue:"Navigate to {}" parameterizedStepValue:"Navigate to <https://n11.con>" parameters:"https://n11.con"}}
27-07-2021 08:32:05.221 [Gauge] [DEBUG] Api Request Received: messageType:GetStepValueRequest messageId:4 stepValueRequest:{stepText:"Navigate to \"https://n11.com\""}
27-07-2021 08:32:05.221 [Gauge] [DEBUG] Sending API response: messageType:GetStepValueResponse messageId:4 stepValueResponse:{stepValue:{stepValue:"Navigate to {}" parameterizedStepValue:"Navigate to <https://n11.com>" parameters:"https://n11.com"}}
27-07-2021 08:32:10.981 [Gauge] [DEBUG] Api Request Received: messageType:GetStepValueRequest messageId:4 stepValueRequest:{stepText:"Navigate to <https://n11.com>"}
27-07-2021 08:32:10.983 [Gauge] [DEBUG] Sending API response: messageType:GetStepValueResponse messageId:4 stepValueResponse:{stepValue:{stepValue:"Navigate to {}" parameterizedStepValue:"Navigate to <https://n11.com>" parameters:"https://n11.com"}}
27-07-2021 08:32:25.066 [Gauge] [DEBUG] Spec file added / modified: /Users/kadirince/Desktop/n11/specs/example.spec
27-07-2021 08:33:11.751 [Gauge] [DEBUG] Spec file added / modified: /Users/kadirince/Desktop/n11/specs/example.spec
27-07-2021 08:33:11.938 [Gauge] [DEBUG] Spec file added / modified: /Users/kadirince/Desktop/n11/specs/example.spec
27-07-2021 08:37:10.429 [Gauge] [DEBUG] Spec file added / modified: /Users/kadirince/Desktop/n11/specs/example.spec
27-07-2021 08:38:01.155 [Gauge] [DEBUG] Spec file added / modified: /Users/kadirince/Desktop/n11/specs/example.spec
27-07-2021 08:38:08.654 [Gauge] [DEBUG] Spec file added / modified: /Users/kadirince/Desktop/n11/specs/example.spec
27-07-2021 08:38:29.406 [Gauge] [DEBUG] Spec file added / modified: /Users/kadirince/Desktop/n11/specs/example.spec
27-07-2021 08:39:16.365 [Gauge] [DEBUG] Spec file added / modified: /Users/kadirince/Desktop/n11/specs/example.spec
27-07-2021 08:39:29.547 [Gauge] [DEBUG] Spec file added / modified: /Users/kadirince/Desktop/n11/specs/example.spec
27-07-2021 08:39:33.778 [Gauge] [DEBUG] Api Request Received: messageType:GetStepValueRequest messageId:4 stepValueRequest:{}
27-07-2021 08:39:33.778 [Gauge] [DEBUG] Sending API response: messageType:GetStepValueResponse messageId:4 stepValueResponse:{stepValue:{}}
27-07-2021 08:39:33.781 [Gauge] [DEBUG] Api Request Received: messageType:GetStepValueRequest messageId:4 stepValueRequest:{}
27-07-2021 08:39:33.781 [Gauge] [DEBUG] Sending API response: messageType:GetStepValueResponse messageId:4 stepValueResponse:{stepValue:{}}
27-07-2021 08:39:33.844 [Gauge] [DEBUG] Api Request Received: messageType:GetStepValueRequest messageId:4 stepValueRequest:{}
27-07-2021 08:39:33.844 [Gauge] [DEBUG] Sending API response: messageType:GetStepValueResponse messageId:4 stepValueResponse:{stepValue:{}}
27-07-2021 08:39:33.844 [Gauge] [DEBUG] Api Request Received: messageType:GetStepValueRequest messageId:4 stepValueRequest:{}
27-07-2021 08:39:33.844 [Gauge] [DEBUG] Sending API response: messageType:GetStepValueResponse messageId:4 stepValueResponse:{stepValue:{}}
27-07-2021 08:39:33.878 [Gauge] [DEBUG] Api Request Received: messageType:GetStepValueRequest messageId:4 stepValueRequest:{}
27-07-2021 08:39:33.878 [Gauge] [DEBUG] Sending API response: messageType:GetStepValueResponse messageId:4 stepValueResponse:{stepValue:{}}
27-07-2021 08:39:33.878 [Gauge] [DEBUG] Api Request Received: messageType:GetStepValueRequest messageId:4 stepValueRequest:{}
27-07-2021 08:39:33.878 [Gauge] [DEBUG] Sending API response: messageType:GetStepValueResponse messageId:4 stepValueResponse:{stepValue:{}}
27-07-2021 08:39:34.090 [Gauge] [DEBUG] Api Request Received: messageType:GetStepValueRequest messageId:4 stepValueRequest:{}
27-07-2021 08:39:34.090 [Gauge] [DEBUG] Sending API response: messageType:GetStepValueResponse messageId:4 stepValueResponse:{stepValue:{}}
27-07-2021 08:39:34.108 [Gauge] [DEBUG] Api Request Received: messageType:GetStepValueRequest messageId:4 stepValueRequest:{}
27-07-2021 08:39:34.108 [Gauge] [DEBUG] Sending API response: messageType:GetStepValueResponse messageId:4 stepValueResponse:{stepValue:{}}
27-07-2021 08:39:34.114 [Gauge] [DEBUG] Api Request Received: messageType:GetStepValueRequest messageId:4 stepValueRequest:{}
27-07-2021 08:39:34.114 [Gauge] [DEBUG] Sending API response: messageType:GetStepValueResponse messageId:4 stepValueResponse:{stepValue:{}}
27-07-2021 08:39:34.114 [Gauge] [DEBUG] Api Request Received: messageType:GetStepValueRequest messageId:4 stepValueRequest:{}
27-07-2021 08:39:34.114 [Gauge] [DEBUG] Sending API response: messageType:GetStepValueResponse messageId:4 stepValueResponse:{stepValue:{}}
27-07-2021 08:39:34.155 [Gauge] [DEBUG] Api Request Received: messageType:GetStepValueRequest messageId:4 stepValueRequest:{}
27-07-2021 08:39:34.155 [Gauge] [DEBUG] Sending API response: messageType:GetStepValueResponse messageId:4 stepValueResponse:{stepValue:{}}
27-07-2021 08:39:34.155 [Gauge] [DEBUG] Api Request Received: messageType:GetStepValueRequest messageId:4 stepValueRequest:{}
27-07-2021 08:39:34.155 [Gauge] [DEBUG] Sending API response: messageType:GetStepValueResponse messageId:4 stepValueResponse:{stepValue:{}}
27-07-2021 08:39:34.193 [Gauge] [DEBUG] Api Request Received: messageType:GetStepValueRequest messageId:4 stepValueRequest:{}
27-07-2021 08:39:34.193 [Gauge] [DEBUG] Sending API response: messageType:GetStepValueResponse messageId:4 stepValueResponse:{stepValue:{}}
27-07-2021 08:39:34.194 [Gauge] [DEBUG] Api Request Received: messageType:GetStepValueRequest messageId:4 stepValueRequest:{}
27-07-2021 08:39:34.194 [Gauge] [DEBUG] Sending API response: messageType:GetStepValueResponse messageId:4 stepValueResponse:{stepValue:{}}
27-07-2021 08:39:34.565 [Gauge] [DEBUG] Api Request Received: messageType:GetStepValueRequest messageId:4 stepValueRequest:{}
27-07-2021 08:39:34.565 [Gauge] [DEBUG] Sending API response: messageType:GetStepValueResponse messageId:4 stepValueResponse:{stepValue:{}}
27-07-2021 08:39:34.568 [Gauge] [DEBUG] Api Request Received: messageType:GetStepValueRequest messageId:4 stepValueRequest:{}
27-07-2021 08:39:34.568 [Gauge] [DEBUG] Sending API response: messageType:GetStepValueResponse messageId:4 stepValueResponse:{stepValue:{}}
27-07-2021 08:39:34.606 [Gauge] [DEBUG] Api Request Received: messageType:GetStepValueRequest messageId:4 stepValueRequest:{}
27-07-2021 08:39:34.606 [Gauge] [DEBUG] Sending API response: messageType:GetStepValueResponse messageId:4 stepValueResponse:{stepValue:{}}
27-07-2021 08:39:34.607 [Gauge] [DEBUG] Api Request Received: messageType:GetStepValueRequest messageId:4 stepValueRequest:{}
27-07-2021 08:39:34.607 [Gauge] [DEBUG] Sending API response: messageType:GetStepValueResponse messageId:4 stepValueResponse:{stepValue:{}}
27-07-2021 08:39:34.640 [Gauge] [DEBUG] Api Request Received: messageType:GetStepValueRequest messageId:4 stepValueRequest:{}
27-07-2021 08:39:34.640 [Gauge] [DEBUG] Sending API response: messageType:GetStepValueResponse messageId:4 stepValueResponse:{stepValue:{}}
27-07-2021 08:39:34.640 [Gauge] [DEBUG] Api Request Received: messageType:GetStepValueRequest messageId:4 stepValueRequest:{}
27-07-2021 08:39:34.640 [Gauge] [DEBUG] Sending API response: messageType:GetStepValueResponse messageId:4 stepValueResponse:{stepValue:{}}
27-07-2021 08:39:34.682 [Gauge] [DEBUG] Api Request Received: messageType:GetStepValueRequest messageId:4 stepValueRequest:{}
27-07-2021 08:39:34.682 [Gauge] [DEBUG] Sending API response: messageType:GetStepValueResponse messageId:4 stepValueResponse:{stepValue:{}}
27-07-2021 08:39:34.682 [Gauge] [DEBUG] Api Request Received: messageType:GetStepValueRequest messageId:4 stepValueRequest:{}
27-07-2021 08:39:34.682 [Gauge] [DEBUG] Sending API response: messageType:GetStepValueResponse messageId:4 stepValueResponse:{stepValue:{}}
27-07-2021 08:39:34.873 [Gauge] [DEBUG] Api Request Received: messageType:GetStepValueRequest messageId:4 stepValueRequest:{}
27-07-2021 08:39:34.876 [Gauge] [DEBUG] Sending API response: messageType:GetStepValueResponse messageId:4 stepValueResponse:{stepValue:{}}
27-07-2021 08:39:34.893 [Gauge] [DEBUG] Api Request Received: messageType:GetStepValueRequest messageId:4 stepValueRequest:{}
27-07-2021 08:39:34.893 [Gauge] [DEBUG] Sending API response: messageType:GetStepValueResponse messageId:4 stepValueResponse:{stepValue:{}}
27-07-2021 08:39:34.901 [Gauge] [DEBUG] Api Request Received: messageType:GetStepValueRequest messageId:4 stepValueRequest:{}
27-07-2021 08:39:34.901 [Gauge] [DEBUG] Sending API response: messageType:GetStepValueResponse messageId:4 stepValueResponse:{stepValue:{}}
27-07-2021 08:39:34.906 [Gauge] [DEBUG] Api Request Received: messageType:GetStepValueRequest messageId:4 stepValueRequest:{}
27-07-2021 08:39:34.908 [Gauge] [DEBUG] Sending API response: messageType:GetStepValueResponse messageId:4 stepValueResponse:{stepValue:{}}
27-07-2021 08:39:34.944 [Gauge] [DEBUG] Api Request Received: messageType:GetStepValueRequest messageId:4 stepValueRequest:{}
27-07-2021 08:39:34.944 [Gauge] [DEBUG] Sending API response: messageType:GetStepValueResponse messageId:4 stepValueResponse:{stepValue:{}}
27-07-2021 08:39:34.944 [Gauge] [DEBUG] Api Request Received: messageType:GetStepValueRequest messageId:4 stepValueRequest:{}
27-07-2021 08:39:34.944 [Gauge] [DEBUG] Sending API response: messageType:GetStepValueResponse messageId:4 stepValueResponse:{stepValue:{}}
27-07-2021 08:39:34.980 [Gauge] [DEBUG] Api Request Received: messageType:GetStepValueRequest messageId:4 stepValueRequest:{}
27-07-2021 08:39:34.980 [Gauge] [DEBUG] Sending API response: messageType:GetStepValueResponse messageId:4 stepValueResponse:{stepValue:{}}
27-07-2021 08:39:34.980 [Gauge] [DEBUG] Api Request Received: messageType:GetStepValueRequest messageId:4 stepValueRequest:{}
27-07-2021 08:39:34.980 [Gauge] [DEBUG] Sending API response: messageType:GetStepValueResponse messageId:4 stepValueResponse:{stepValue:{}}
27-07-2021 08:39:35.935 [Gauge] [DEBUG] Api Request Received: messageType:GetStepValueRequest messageId:4 stepValueRequest:{stepText:"C"}
27-07-2021 08:39:35.935 [Gauge] [DEBUG] Sending API response: messageType:GetStepValueResponse messageId:4 stepValueResponse:{stepValue:{stepValue:"C" parameterizedStepValue:"C"}}
27-07-2021 08:39:35.956 [Gauge] [DEBUG] Api Request Received: messageType:GetAllStepsRequest messageId:2 allStepsRequest:{}
27-07-2021 08:39:35.956 [Gauge] [DEBUG] Sending API response: messageType:GetAllStepResponse messageId:2 allStepsResponse:{allSteps:{stepValue:"Navigate to {}" parameterizedStepValue:"Navigate to <https://n11.com>" parameters:"https://n11.com"}}
27-07-2021 08:39:35.957 [Gauge] [DEBUG] Api Request Received: messageType:GetAllConceptsRequest messageId:6 allConceptsRequest:{}
27-07-2021 08:39:35.957 [Gauge] [DEBUG] Sending API response: messageType:GetAllConceptsResponse messageId:6 allConceptsResponse:{}
27-07-2021 08:39:36.277 [Gauge] [DEBUG] Api Request Received: messageType:GetStepValueRequest messageId:4 stepValueRequest:{stepText:"Ch"}
27-07-2021 08:39:36.277 [Gauge] [DEBUG] Sending API response: messageType:GetStepValueResponse messageId:4 stepValueResponse:{stepValue:{stepValue:"Ch" parameterizedStepValue:"Ch"}}
27-07-2021 08:39:36.300 [Gauge] [DEBUG] Api Request Received: messageType:GetAllStepsRequest messageId:2 allStepsRequest:{}
27-07-2021 08:39:36.302 [Gauge] [DEBUG] Sending API response: messageType:GetAllStepResponse messageId:2 allStepsResponse:{allSteps:{stepValue:"Navigate to {}" parameterizedStepValue:"Navigate to <https://n11.com>" parameters:"https://n11.com"}}
27-07-2021 08:39:36.303 [Gauge] [DEBUG] Api Request Received: messageType:GetAllConceptsRequest messageId:6 allConceptsRequest:{}
27-07-2021 08:39:36.303 [Gauge] [DEBUG] Sending API response: messageType:GetAllConceptsResponse messageId:6 allConceptsResponse:{}
27-07-2021 08:39:36.379 [Gauge] [DEBUG] Api Request Received: messageType:GetStepValueRequest messageId:4 stepValueRequest:{stepText:"Che"}
27-07-2021 08:39:36.379 [Gauge] [DEBUG] Sending API response: messageType:GetStepValueResponse messageId:4 stepValueResponse:{stepValue:{stepValue:"Che" parameterizedStepValue:"Che"}}
27-07-2021 08:39:36.474 [Gauge] [DEBUG] Api Request Received: messageType:GetAllStepsRequest messageId:2 allStepsRequest:{}
27-07-2021 08:39:36.474 [Gauge] [DEBUG] Sending API response: messageType:GetAllStepResponse messageId:2 allStepsResponse:{allSteps:{stepValue:"Navigate to {}" parameterizedStepValue:"Navigate to <https://n11.com>" parameters:"https://n11.com"}}
27-07-2021 08:39:36.474 [Gauge] [DEBUG] Api Request Received: messageType:GetAllConceptsRequest messageId:6 allConceptsRequest:{}
27-07-2021 08:39:36.474 [Gauge] [DEBUG] Sending API response: messageType:GetAllConceptsResponse messageId:6 allConceptsResponse:{}
27-07-2021 08:39:36.535 [Gauge] [DEBUG] Api Request Received: messageType:GetStepValueRequest messageId:4 stepValueRequest:{stepText:"Chec"}
27-07-2021 08:39:36.536 [Gauge] [DEBUG] Sending API response: messageType:GetStepValueResponse messageId:4 stepValueResponse:{stepValue:{stepValue:"Chec" parameterizedStepValue:"Chec"}}
27-07-2021 08:39:36.551 [Gauge] [DEBUG] Api Request Received: messageType:GetAllStepsRequest messageId:2 allStepsRequest:{}
27-07-2021 08:39:36.551 [Gauge] [DEBUG] Sending API response: messageType:GetAllStepResponse messageId:2 allStepsResponse:{allSteps:{stepValue:"Navigate to {}" parameterizedStepValue:"Navigate to <https://n11.com>" parameters:"https://n11.com"}}
27-07-2021 08:39:36.551 [Gauge] [DEBUG] Api Request Received: messageType:GetAllConceptsRequest messageId:6 allConceptsRequest:{}
27-07-2021 08:39:36.551 [Gauge] [DEBUG] Sending API response: messageType:GetAllConceptsResponse messageId:6 allConceptsResponse:{}
27-07-2021 08:39:37.388 [Gauge] [DEBUG] Api Request Received: messageType:GetStepValueRequest messageId:4 stepValueRequest:{stepText:"Check"}
27-07-2021 08:39:37.388 [Gauge] [DEBUG] Sending API response: messageType:GetStepValueResponse messageId:4 stepValueResponse:{stepValue:{stepValue:"Check" parameterizedStepValue:"Check"}}
27-07-2021 08:39:37.398 [Gauge] [DEBUG] Api Request Received: messageType:GetAllStepsRequest messageId:2 allStepsRequest:{}
27-07-2021 08:39:37.398 [Gauge] [DEBUG] Sending API response: messageType:GetAllStepResponse messageId:2 allStepsResponse:{allSteps:{stepValue:"Navigate to {}" parameterizedStepValue:"Navigate to <https://n11.com>" parameters:"https://n11.com"}}
27-07-2021 08:39:37.398 [Gauge] [DEBUG] Api Request Received: messageType:GetAllConceptsRequest messageId:6 allConceptsRequest:{}
27-07-2021 08:39:37.398 [Gauge] [DEBUG] Sending API response: messageType:GetAllConceptsResponse messageId:6 allConceptsResponse:{}
27-07-2021 08:39:38.559 [Gauge] [DEBUG] Api Request Received: messageType:GetStepValueRequest messageId:4 stepValueRequest:{stepText:"Check '"}
27-07-2021 08:39:38.559 [Gauge] [DEBUG] Sending API response: messageType:GetStepValueResponse messageId:4 stepValueResponse:{stepValue:{stepValue:"Check '" parameterizedStepValue:"Check '"}}
27-07-2021 08:39:39.080 [Gauge] [DEBUG] Api Request Received: messageType:GetStepValueRequest messageId:4 stepValueRequest:{stepText:"Check i"}
27-07-2021 08:39:39.080 [Gauge] [DEBUG] Sending API response: messageType:GetStepValueResponse messageId:4 stepValueResponse:{stepValue:{stepValue:"Check i" parameterizedStepValue:"Check i"}}
27-07-2021 08:39:39.099 [Gauge] [DEBUG] Api Request Received: messageType:GetAllStepsRequest messageId:2 allStepsRequest:{}
27-07-2021 08:39:39.099 [Gauge] [DEBUG] Sending API response: messageType:GetAllStepResponse messageId:2 allStepsResponse:{allSteps:{stepValue:"Navigate to {}" parameterizedStepValue:"Navigate to <https://n11.com>" parameters:"https://n11.com"}}
27-07-2021 08:39:39.100 [Gauge] [DEBUG] Api Request Received: messageType:GetAllConceptsRequest messageId:6 allConceptsRequest:{}
27-07-2021 08:39:39.100 [Gauge] [DEBUG] Sending API response: messageType:GetAllConceptsResponse messageId:6 allConceptsResponse:{}
27-07-2021 08:39:39.432 [Gauge] [DEBUG] Api Request Received: messageType:GetStepValueRequest messageId:4 stepValueRequest:{stepText:"Check it"}
27-07-2021 08:39:39.432 [Gauge] [DEBUG] Sending API response: messageType:GetStepValueResponse messageId:4 stepValueResponse:{stepValue:{stepValue:"Check it" parameterizedStepValue:"Check it"}}
27-07-2021 08:39:39.842 [Gauge] [DEBUG] Api Request Received: messageType:GetStepValueRequest messageId:4 stepValueRequest:{stepText:"Check it i"}
27-07-2021 08:39:39.842 [Gauge] [DEBUG] Sending API response: messageType:GetStepValueResponse messageId:4 stepValueResponse:{stepValue:{stepValue:"Check it i" parameterizedStepValue:"Check it i"}}
27-07-2021 08:39:39.856 [Gauge] [DEBUG] Api Request Received: messageType:GetAllStepsRequest messageId:2 allStepsRequest:{}
27-07-2021 08:39:39.856 [Gauge] [DEBUG] Sending API response: messageType:GetAllStepResponse messageId:2 allStepsResponse:{allSteps:{stepValue:"Navigate to {}" parameterizedStepValue:"Navigate to <https://n11.com>" parameters:"https://n11.com"}}
27-07-2021 08:39:39.856 [Gauge] [DEBUG] Api Request Received: messageType:GetAllConceptsRequest messageId:6 allConceptsRequest:{}
27-07-2021 08:39:39.856 [Gauge] [DEBUG] Sending API response: messageType:GetAllConceptsResponse messageId:6 allConceptsResponse:{}
27-07-2021 08:39:39.936 [Gauge] [DEBUG] Api Request Received: messageType:GetStepValueRequest messageId:4 stepValueRequest:{stepText:"Check it is"}
27-07-2021 08:39:39.936 [Gauge] [DEBUG] Sending API response: messageType:GetStepValueResponse messageId:4 stepValueResponse:{stepValue:{stepValue:"Check it is" parameterizedStepValue:"Check it is"}}
27-07-2021 08:39:40.012 [Gauge] [DEBUG] Api Request Received: messageType:GetAllStepsRequest messageId:2 allStepsRequest:{}
27-07-2021 08:39:40.012 [Gauge] [DEBUG] Sending API response: messageType:GetAllStepResponse messageId:2 allStepsResponse:{allSteps:{stepValue:"Navigate to {}" parameterizedStepValue:"Navigate to <https://n11.com>" parameters:"https://n11.com"}}
27-07-2021 08:39:40.013 [Gauge] [DEBUG] Api Request Received: messageType:GetAllConceptsRequest messageId:6 allConceptsRequest:{}
27-07-2021 08:39:40.013 [Gauge] [DEBUG] Sending API response: messageType:GetAllConceptsResponse messageId:6 allConceptsResponse:{}
27-07-2021 08:39:40.463 [Gauge] [DEBUG] Api Request Received: messageType:GetStepValueRequest messageId:4 stepValueRequest:{stepText:"Check it is o"}
27-07-2021 08:39:40.464 [Gauge] [DEBUG] Sending API response: messageType:GetStepValueResponse messageId:4 stepValueResponse:{stepValue:{stepValue:"Check it is o" parameterizedStepValue:"Check it is o"}}
27-07-2021 08:39:40.492 [Gauge] [DEBUG] Api Request Received: messageType:GetAllStepsRequest messageId:2 allStepsRequest:{}
27-07-2021 08:39:40.492 [Gauge] [DEBUG] Sending API response: messageType:GetAllStepResponse messageId:2 allStepsResponse:{allSteps:{stepValue:"Navigate to {}" parameterizedStepValue:"Navigate to <https://n11.com>" parameters:"https://n11.com"}}
27-07-2021 08:39:40.495 [Gauge] [DEBUG] Api Request Received: messageType:GetAllConceptsRequest messageId:6 allConceptsRequest:{}
27-07-2021 08:39:40.495 [Gauge] [DEBUG] Sending API response: messageType:GetAllConceptsResponse messageId:6 allConceptsResponse:{}
27-07-2021 08:39:40.681 [Gauge] [DEBUG] Api Request Received: messageType:GetStepValueRequest messageId:4 stepValueRequest:{stepText:"Check it is op"}
27-07-2021 08:39:40.682 [Gauge] [DEBUG] Sending API response: messageType:GetStepValueResponse messageId:4 stepValueResponse:{stepValue:{stepValue:"Check it is op" parameterizedStepValue:"Check it is op"}}
27-07-2021 08:39:40.703 [Gauge] [DEBUG] Api Request Received: messageType:GetAllStepsRequest messageId:2 allStepsRequest:{}
27-07-2021 08:39:40.703 [Gauge] [DEBUG] Sending API response: messageType:GetAllStepResponse messageId:2 allStepsResponse:{allSteps:{stepValue:"Navigate to {}" parameterizedStepValue:"Navigate to <https://n11.com>" parameters:"https://n11.com"}}
27-07-2021 08:39:40.704 [Gauge] [DEBUG] Api Request Received: messageType:GetAllConceptsRequest messageId:6 allConceptsRequest:{}
27-07-2021 08:39:40.704 [Gauge] [DEBUG] Sending API response: messageType:GetAllConceptsResponse messageId:6 allConceptsResponse:{}
27-07-2021 08:39:40.947 [Gauge] [DEBUG] Api Request Received: messageType:GetStepValueRequest messageId:4 stepValueRequest:{stepText:"Check it is open"}
27-07-2021 08:39:40.949 [Gauge] [DEBUG] Sending API response: messageType:GetStepValueResponse messageId:4 stepValueResponse:{stepValue:{stepValue:"Check it is open" parameterizedStepValue:"Check it is open"}}
27-07-2021 08:39:40.971 [Gauge] [DEBUG] Api Request Received: messageType:GetAllStepsRequest messageId:2 allStepsRequest:{}
27-07-2021 08:39:40.971 [Gauge] [DEBUG] Sending API response: messageType:GetAllStepResponse messageId:2 allStepsResponse:{allSteps:{stepValue:"Navigate to {}" parameterizedStepValue:"Navigate to <https://n11.com>" parameters:"https://n11.com"}}
27-07-2021 08:39:40.971 [Gauge] [DEBUG] Api Request Received: messageType:GetAllConceptsRequest messageId:6 allConceptsRequest:{}
27-07-2021 08:39:40.972 [Gauge] [DEBUG] Sending API response: messageType:GetAllConceptsResponse messageId:6 allConceptsResponse:{}
27-07-2021 08:39:43.214 [Gauge] [DEBUG] Spec file added / modified: /Users/kadirince/Desktop/n11/specs/example.spec
27-07-2021 08:40:03.966 [Gauge] [DEBUG] Spec file added / modified: /Users/kadirince/Desktop/n11/specs/example.spec
27-07-2021 08:41:51.988 [Gauge] [DEBUG] Spec file added / modified: /Users/kadirince/Desktop/n11/specs/example.spec
